<?xml version="1.0" encoding="UTF-8"?>
<testng-results ignored="0" total="1" passed="1" failed="0" skipped="0">
  <reporter-output>
  </reporter-output>
  <suite started-at="2018-06-01T04:44:33Z" name="Default suite" finished-at="2018-06-01T04:45:14Z" duration-ms="41391">
    <groups>
    </groups>
    <test started-at="2018-06-01T04:44:33Z" name="Default test" finished-at="2018-06-01T04:45:14Z" duration-ms="41391">
      <class name="PracticaNS.PracticaNS_001.CheaperFly">
        <test-method is-config="true" signature="setup()[pri:0, instance:PracticaNS.PracticaNS_001.CheaperFly@37f1104d]" started-at="2018-06-01T04:44:33Z" name="setup" finished-at="2018-06-01T04:44:36Z" duration-ms="2810" status="PASS">
          <reporter-output>
          </reporter-output>
        </test-method> <!-- setup -->
        <test-method signature="searchflights()[pri:0, instance:PracticaNS.PracticaNS_001.CheaperFly@37f1104d]" started-at="2018-06-01T04:44:36Z" name="searchflights" finished-at="2018-06-01T04:45:14Z" duration-ms="38555" status="PASS">
          <reporter-output>
          </reporter-output>
        </test-method> <!-- searchflights -->
      </class> <!-- PracticaNS.PracticaNS_001.CheaperFly -->
    </test> <!-- Default test -->
  </suite> <!-- Default suite -->
</testng-results>
